<?xml version="1.0" encoding="UTF-8"?>
<testsuite xmlns:xsi="http://www.w3.org/2001/XMLSchema-instance" xsi:noNamespaceSchemaLocation="https://maven.apache.org/surefire/maven-surefire-plugin/xsd/surefire-test-report-3.0.xsd" version="3.0" name="at.fhj.msd.CalculatorTest" time="2.281" tests="5" errors="0" skipped="0" failures="0">
  <properties>
[...]
</properties>
  <testcase name="divide" classname="at.fhj.msd.CalculatorTest" time="2.169"/>
  <testcase name="testFactorial" classname="at.fhj.msd.CalculatorTest" time="0.0"/>
  <testcase name="add" classname="at.fhj.msd.CalculatorTest" time="0.0"/>
  <testcase name="minus" classname="at.fhj.msd.CalculatorTest" time="0.0"/>
  <testcase name="multiply" classname="at.fhj.msd.CalculatorTest" time="0.0"/>
</testsuite>